{
  message: 'Зашли на страницу',
  level: 'info',
  timestamp: '2024-02-11T17:47:16.988Z'
}
{
  message: 'Зашли на страницу',
  level: 'info',
  timestamp: '2024-02-11T17:47:17.034Z'
}
{
  message: 'Зашли на страницу',
  level: 'info',
  timestamp: '2024-02-11T17:47:38.846Z'
}
{
  message: 'Зашли на страницу',
  level: 'info',
  timestamp: '2024-02-11T17:47:38.901Z'
}
{
  message: 'Зашли на страницу',
  level: 'info',
  timestamp: '2024-02-11T17:49:08.708Z'
}
{
  message: 'Зашли на страницу',
  level: 'info',
  timestamp: '2024-02-11T17:49:08.765Z'
}
{
  message: 'Зашли на страницу',
  level: 'info',
  timestamp: '2024-02-11T17:49:49.161Z'
}
{
  message: 'Зашли на страницу',
  level: 'info',
  timestamp: '2024-02-11T17:49:49.208Z'
}
{
  message: 'Зашли на страницу',
  level: 'info',
  timestamp: '2024-02-11T17:49:56.880Z'
}
{
  message: 'Зашли на страницу',
  level: 'info',
  timestamp: '2024-02-11T17:49:56.909Z'
}
{
  message: 'Зашли на страницу',
  level: 'info',
  timestamp: '2024-02-11T17:50:07.230Z'
}
{
  message: 'Зашли на страницу',
  level: 'info',
  timestamp: '2024-02-11T17:50:07.264Z'
}
{
  message: 'Зашли на страницу',
  level: 'info',
  timestamp: '2024-02-12T06:09:21.069Z'
}
{
  message: 'Зашли на страницу',
  level: 'info',
  timestamp: '2024-02-12T06:09:21.134Z'
}
{
  message: 'Зашли на страницу',
  level: 'info',
  timestamp: '2024-02-12T06:09:23.397Z'
}
{
  message: 'Зашли на страницу',
  level: 'info',
  timestamp: '2024-02-12T06:09:26.546Z'
}
{
  message: 'Зашли на страницу',
  level: 'info',
  timestamp: '2024-02-12T06:09:26.584Z'
}
{
  message: 'Зашли на страницу',
  level: 'info',
  timestamp: '2024-02-12T06:09:26.932Z'
}
{
  message: 'Зашли на страницу',
  level: 'info',
  timestamp: '2024-02-12T06:16:09.443Z'
}
{
  message: 'Сервер запущен на порту 3000',
  level: 'info',
  timestamp: '2024-02-12T07:03:30.615Z'
}
{
  message: 'Сервер запущен на порту 3000',
  level: 'info',
  timestamp: '2024-02-12T07:03:48.197Z'
}
{
  message: 'Сервер запущен на порту 3000',
  level: 'info',
  timestamp: '2024-02-12T07:05:32.067Z'
}
{
  message: 'Зашли на страницу',
  level: 'info',
  timestamp: '2024-02-12T07:05:33.664Z'
}
{
  message: 'Зашли на страницу',
  level: 'info',
  timestamp: '2024-02-12T07:07:30.849Z'
}
{
  message: 'Сервер запущен на порту 3000',
  level: 'info',
  timestamp: '2024-02-12T07:11:45.805Z'
}
{
  message: 'Имя или пароль неверный',
  level: 'error',
  timestamp: '2024-02-12T07:11:56.398Z'
}
{
  message: 'Сервер запущен на порту 3000',
  level: 'info',
  timestamp: '2024-02-12T07:12:19.241Z'
}
{
  message: 'Зашли на страницу',
  level: 'info',
  timestamp: '2024-02-12T07:17:50.576Z'
}
{
  message: 'Зашли на страницу',
  level: 'info',
  timestamp: '2024-02-12T07:17:55.347Z'
}
{
  message: 'Зашли на страницу',
  level: 'info',
  timestamp: '2024-02-12T07:17:56.933Z'
}
{
  message: 'Зашли на страницу',
  level: 'info',
  timestamp: '2024-02-12T07:17:58.099Z'
}
{
  message: 'Зашли на страницу',
  level: 'info',
  timestamp: '2024-02-12T07:17:59.256Z'
}
{
  message: 'Зашли на страницу',
  level: 'info',
  timestamp: '2024-02-12T07:18:01.343Z'
}
{
  message: 'Сервер запущен на порту 3000',
  level: 'info',
  timestamp: '2024-02-12T07:31:57.960Z'
}
